<?xml version="1.0" encoding="UTF-8"?>
<!-- Generated by org.testng.reporters.JUnitXMLReporter -->
<testsuite ignored="0" hostname="LAPTOP-0OGMJ3E4" failures="0" tests="3" name="Home" time="113.158" errors="0" timestamp="2021-09-14T20:53:16 IST">
  <testcase classname="myproject.completeQuiz.QualicoachHome" name="Quizmodule" time="3.437"/>
  <testcase classname="myproject.completeQuiz.QualicoachHome" name="navigationPage" time="85.534"/>
  <testcase classname="myproject.completeQuiz.QualicoachHome" name="selectCourse" time="6.312"/>
</testsuite> <!-- Home -->
