<?xml version="1.0" encoding="UTF-8"?>
<!-- Generated by org.testng.reporters.JUnitXMLReporter -->
<testsuite ignored="0" hostname="LAPTOP-0OGMJ3E4" failures="0" tests="3" name="Test" time="48.27" errors="0" timestamp="2021-09-14T00:54:34 IST">
  <testcase classname="myproject.completeQuiz.QualicoachHome" name="Quizmodule" time="2.185"/>
  <testcase classname="myproject.completeQuiz.QualicoachHome" name="navigationPage" time="28.089"/>
  <testcase classname="myproject.completeQuiz.QualicoachHome" name="selectCourse" time="7.19"/>
</testsuite> <!-- Test -->
