<?xml version="1.0" encoding="UTF-8"?>
<testng-results ignored="0" total="8" passed="7" failed="1" skipped="0">
  <reporter-output>
  </reporter-output>
  <suite started-at="2021-09-14T20:51:23 IST" name="Suite" finished-at="2021-09-14T20:53:20 IST" duration-ms="117294">
    <groups>
    </groups>
    <test started-at="2021-09-14T20:51:23 IST" name="edit user" finished-at="2021-09-14T20:51:50 IST" duration-ms="26454">
      <class name="myproject.completeQuiz.UpdateUserProfile">
        <test-method is-config="true" signature="testLogin()[pri:0, instance:myproject.completeQuiz.UpdateUserProfile@5bfa8cc5]" started-at="2021-09-14T20:51:23 IST" name="testLogin" finished-at="2021-09-14T20:51:28 IST" duration-ms="5182" status="PASS">
          <reporter-output>
          </reporter-output>
        </test-method> <!-- testLogin -->
        <test-method signature="editTheUser()[pri:0, instance:myproject.completeQuiz.UpdateUserProfile@5bfa8cc5]" started-at="2021-09-14T20:51:28 IST" name="editTheUser" finished-at="2021-09-14T20:51:49 IST" duration-ms="20228" status="FAIL">
          <exception class="org.openqa.selenium.NoSuchElementException">
            <message>
              <![CDATA[no such element: Unable to locate element: {"method":"xpath","selector":"//span/img[@class='userpicture defaultuserpic']"}
  (Session info: chrome=93.0.4577.63)
For documentation on this error, please visit: https://www.seleniumhq.org/exceptions/no_such_element.html
Build info: version: '3.141.59', revision: 'e82be7d358', time: '2018-11-14T08:17:03'
System info: host: 'LAPTOP-0OGMJ3E4', ip: '192.168.43.64', os.name: 'Windows 10', os.arch: 'amd64', os.version: '10.0', java.version: '16.0.2'
Driver info: org.openqa.selenium.chrome.ChromeDriver
Capabilities {acceptInsecureCerts: false, browserName: chrome, browserVersion: 93.0.4577.63, chrome: {chromedriverVersion: 92.0.4515.107 (87a818b10553..., userDataDir: C:\Users\darsh\AppData\Loca...}, goog:chromeOptions: {debuggerAddress: localhost:55498}, javascriptEnabled: true, networkConnectionEnabled: false, pageLoadStrategy: normal, platform: WINDOWS, platformName: WINDOWS, proxy: Proxy(), setWindowRect: true, strictFileInteractability: false, timeouts: {implicit: 0, pageLoad: 300000, script: 30000}, unhandledPromptBehavior: dismiss and notify, webauthn:extension:credBlob: true, webauthn:extension:largeBlob: true, webauthn:virtualAuthenticators: true}
Session ID: 5b350f165f35904b0aa7e4c0aad209e6
*** Element info: {Using=xpath, value=//span/img[@class='userpicture defaultuserpic']}]]>
            </message>
            <full-stacktrace>
              <![CDATA[org.openqa.selenium.NoSuchElementException: no such element: Unable to locate element: {"method":"xpath","selector":"//span/img[@class='userpicture defaultuserpic']"}
  (Session info: chrome=93.0.4577.63)
For documentation on this error, please visit: https://www.seleniumhq.org/exceptions/no_such_element.html
Build info: version: '3.141.59', revision: 'e82be7d358', time: '2018-11-14T08:17:03'
System info: host: 'LAPTOP-0OGMJ3E4', ip: '192.168.43.64', os.name: 'Windows 10', os.arch: 'amd64', os.version: '10.0', java.version: '16.0.2'
Driver info: org.openqa.selenium.chrome.ChromeDriver
Capabilities {acceptInsecureCerts: false, browserName: chrome, browserVersion: 93.0.4577.63, chrome: {chromedriverVersion: 92.0.4515.107 (87a818b10553..., userDataDir: C:\Users\darsh\AppData\Loca...}, goog:chromeOptions: {debuggerAddress: localhost:55498}, javascriptEnabled: true, networkConnectionEnabled: false, pageLoadStrategy: normal, platform: WINDOWS, platformName: WINDOWS, proxy: Proxy(), setWindowRect: true, strictFileInteractability: false, timeouts: {implicit: 0, pageLoad: 300000, script: 30000}, unhandledPromptBehavior: dismiss and notify, webauthn:extension:credBlob: true, webauthn:extension:largeBlob: true, webauthn:virtualAuthenticators: true}
Session ID: 5b350f165f35904b0aa7e4c0aad209e6
*** Element info: {Using=xpath, value=//span/img[@class='userpicture defaultuserpic']}
at java.base/jdk.internal.reflect.NativeConstructorAccessorImpl.newInstance0(Native Method)
at java.base/jdk.internal.reflect.NativeConstructorAccessorImpl.newInstance(NativeConstructorAccessorImpl.java:78)
at java.base/jdk.internal.reflect.DelegatingConstructorAccessorImpl.newInstance(DelegatingConstructorAccessorImpl.java:45)
at java.base/java.lang.reflect.Constructor.newInstanceWithCaller(Constructor.java:499)
at java.base/java.lang.reflect.Constructor.newInstance(Constructor.java:480)
at org.openqa.selenium.remote.http.W3CHttpResponseCodec.createException(W3CHttpResponseCodec.java:187)
at org.openqa.selenium.remote.http.W3CHttpResponseCodec.decode(W3CHttpResponseCodec.java:122)
at org.openqa.selenium.remote.http.W3CHttpResponseCodec.decode(W3CHttpResponseCodec.java:49)
at org.openqa.selenium.remote.HttpCommandExecutor.execute(HttpCommandExecutor.java:158)
at org.openqa.selenium.remote.service.DriverCommandExecutor.execute(DriverCommandExecutor.java:83)
at org.openqa.selenium.remote.RemoteWebDriver.execute(RemoteWebDriver.java:552)
at org.openqa.selenium.remote.RemoteWebDriver.findElement(RemoteWebDriver.java:323)
at org.openqa.selenium.remote.RemoteWebDriver.findElementByXPath(RemoteWebDriver.java:428)
at org.openqa.selenium.By$ByXPath.findElement(By.java:353)
at org.openqa.selenium.remote.RemoteWebDriver.findElement(RemoteWebDriver.java:315)
at pageObjects.DashBoardPage.getUserPhoto(DashBoardPage.java:19)
at myproject.completeQuiz.UpdateUserProfile.editTheUser(UpdateUserProfile.java:43)
at java.base/jdk.internal.reflect.NativeMethodAccessorImpl.invoke0(Native Method)
at java.base/jdk.internal.reflect.NativeMethodAccessorImpl.invoke(NativeMethodAccessorImpl.java:78)
at java.base/jdk.internal.reflect.DelegatingMethodAccessorImpl.invoke(DelegatingMethodAccessorImpl.java:43)
at java.base/java.lang.reflect.Method.invoke(Method.java:567)
at org.testng.internal.MethodInvocationHelper.invokeMethod(MethodInvocationHelper.java:133)
at org.testng.internal.TestInvoker.invokeMethod(TestInvoker.java:598)
at org.testng.internal.TestInvoker.invokeTestMethod(TestInvoker.java:173)
at org.testng.internal.MethodRunner.runInSequence(MethodRunner.java:46)
at org.testng.internal.TestInvoker$MethodInvocationAgent.invoke(TestInvoker.java:824)
at org.testng.internal.TestInvoker.invokeTestMethods(TestInvoker.java:146)
at org.testng.internal.TestMethodWorker.invokeTestMethods(TestMethodWorker.java:146)
at org.testng.internal.TestMethodWorker.run(TestMethodWorker.java:128)
at java.base/java.util.ArrayList.forEach(ArrayList.java:1511)
at org.testng.TestRunner.privateRun(TestRunner.java:794)
at org.testng.TestRunner.run(TestRunner.java:596)
at org.testng.SuiteRunner.runTest(SuiteRunner.java:377)
at org.testng.SuiteRunner.access$000(SuiteRunner.java:28)
at org.testng.SuiteRunner$SuiteWorker.run(SuiteRunner.java:418)
at org.testng.internal.thread.ThreadUtil.lambda$execute$0(ThreadUtil.java:64)
at java.base/java.util.concurrent.FutureTask.run(FutureTask.java:264)
at java.base/java.util.concurrent.ThreadPoolExecutor.runWorker(ThreadPoolExecutor.java:1130)
at java.base/java.util.concurrent.ThreadPoolExecutor$Worker.run(ThreadPoolExecutor.java:630)
at java.base/java.lang.Thread.run(Thread.java:831)
]]>
            </full-stacktrace>
          </exception> <!-- org.openqa.selenium.NoSuchElementException -->
          <reporter-output>
          </reporter-output>
        </test-method> <!-- editTheUser -->
        <test-method is-config="true" signature="tearDown()[pri:0, instance:myproject.completeQuiz.UpdateUserProfile@5bfa8cc5]" started-at="2021-09-14T20:51:49 IST" name="tearDown" finished-at="2021-09-14T20:51:50 IST" duration-ms="244" status="PASS">
          <reporter-output>
          </reporter-output>
        </test-method> <!-- tearDown -->
      </class> <!-- myproject.completeQuiz.UpdateUserProfile -->
    </test> <!-- edit user -->
    <test started-at="2021-09-14T20:51:23 IST" name="Badges" finished-at="2021-09-14T20:53:12 IST" duration-ms="108405">
      <class name="myproject.completeQuiz.BadgesEarned">
        <test-method is-config="true" signature="launchBrowser()[pri:0, instance:myproject.completeQuiz.BadgesEarned@13c3c1e1]" started-at="2021-09-14T20:51:23 IST" name="launchBrowser" finished-at="2021-09-14T20:51:40 IST" duration-ms="17020" status="PASS">
          <reporter-output>
          </reporter-output>
        </test-method> <!-- launchBrowser -->
        <test-method signature="navigationPage(java.lang.String,java.lang.String)[pri:0, instance:myproject.completeQuiz.BadgesEarned@13c3c1e1]" started-at="2021-09-14T20:51:40 IST" name="navigationPage" data-provider="getData" finished-at="2021-09-14T20:53:05 IST" duration-ms="85156" status="PASS">
          <params>
            <param index="0">
              <value>
                <![CDATA[user153]]>
              </value>
            </param>
            <param index="1">
              <value>
                <![CDATA[User@9135]]>
              </value>
            </param>
          </params>
          <reporter-output>
          </reporter-output>
        </test-method> <!-- navigationPage -->
        <test-method signature="seeBadge()[pri:0, instance:myproject.completeQuiz.BadgesEarned@13c3c1e1]" started-at="2021-09-14T20:53:05 IST" name="seeBadge" finished-at="2021-09-14T20:53:11 IST" duration-ms="6089" status="PASS">
          <reporter-output>
          </reporter-output>
        </test-method> <!-- seeBadge -->
        <test-method is-config="true" signature="kill()[pri:0, instance:myproject.completeQuiz.BadgesEarned@13c3c1e1]" started-at="2021-09-14T20:53:11 IST" name="kill" finished-at="2021-09-14T20:53:12 IST" duration-ms="120" status="PASS">
          <reporter-output>
          </reporter-output>
        </test-method> <!-- kill -->
      </class> <!-- myproject.completeQuiz.BadgesEarned -->
    </test> <!-- Badges -->
    <test started-at="2021-09-14T20:51:23 IST" name="Home" finished-at="2021-09-14T20:53:16 IST" duration-ms="113158">
      <class name="myproject.completeQuiz.QualicoachHome">
        <test-method is-config="true" signature="launchBrowser()[pri:0, instance:myproject.completeQuiz.QualicoachHome@2bb7bd00]" started-at="2021-09-14T20:51:23 IST" name="launchBrowser" finished-at="2021-09-14T20:51:41 IST" duration-ms="17678" status="PASS">
          <reporter-output>
          </reporter-output>
        </test-method> <!-- launchBrowser -->
        <test-method signature="Quizmodule()[pri:0, instance:myproject.completeQuiz.QualicoachHome@2bb7bd00]" started-at="2021-09-14T20:51:41 IST" name="Quizmodule" finished-at="2021-09-14T20:51:44 IST" duration-ms="3437" status="PASS">
          <reporter-output>
          </reporter-output>
        </test-method> <!-- Quizmodule -->
        <test-method signature="navigationPage(java.lang.String,java.lang.String)[pri:0, instance:myproject.completeQuiz.QualicoachHome@2bb7bd00]" started-at="2021-09-14T20:51:44 IST" name="navigationPage" data-provider="getData" finished-at="2021-09-14T20:53:10 IST" duration-ms="85534" status="PASS">
          <params>
            <param index="0">
              <value>
                <![CDATA[user153]]>
              </value>
            </param>
            <param index="1">
              <value>
                <![CDATA[User@9135]]>
              </value>
            </param>
          </params>
          <reporter-output>
          </reporter-output>
        </test-method> <!-- navigationPage -->
        <test-method signature="selectCourse()[pri:0, instance:myproject.completeQuiz.QualicoachHome@2bb7bd00]" started-at="2021-09-14T20:53:10 IST" name="selectCourse" finished-at="2021-09-14T20:53:16 IST" duration-ms="6312" status="PASS">
          <reporter-output>
          </reporter-output>
        </test-method> <!-- selectCourse -->
        <test-method is-config="true" signature="kill()[pri:0, instance:myproject.completeQuiz.QualicoachHome@2bb7bd00]" started-at="2021-09-14T20:53:16 IST" name="kill" finished-at="2021-09-14T20:53:16 IST" duration-ms="167" status="PASS">
          <reporter-output>
          </reporter-output>
        </test-method> <!-- kill -->
      </class> <!-- myproject.completeQuiz.QualicoachHome -->
    </test> <!-- Home -->
    <test started-at="2021-09-14T20:51:23 IST" name="certificates" finished-at="2021-09-14T20:53:20 IST" duration-ms="117294">
      <class name="myproject.completeQuiz.CertificateISTQB">
        <test-method is-config="true" signature="launchBrowser()[pri:0, instance:myproject.completeQuiz.CertificateISTQB@4a3329b9]" started-at="2021-09-14T20:51:23 IST" name="launchBrowser" finished-at="2021-09-14T20:51:40 IST" duration-ms="17364" status="PASS">
          <reporter-output>
          </reporter-output>
        </test-method> <!-- launchBrowser -->
        <test-method signature="navigationPage(java.lang.String,java.lang.String)[pri:0, instance:myproject.completeQuiz.CertificateISTQB@4a3329b9]" started-at="2021-09-14T20:51:40 IST" name="navigationPage" data-provider="getData" finished-at="2021-09-14T20:53:05 IST" duration-ms="84628" status="PASS">
          <params>
            <param index="0">
              <value>
                <![CDATA[user153]]>
              </value>
            </param>
            <param index="1">
              <value>
                <![CDATA[User@9135]]>
              </value>
            </param>
          </params>
          <reporter-output>
          </reporter-output>
        </test-method> <!-- navigationPage -->
        <test-method signature="seeCertificate()[pri:0, instance:myproject.completeQuiz.CertificateISTQB@4a3329b9]" started-at="2021-09-14T20:53:05 IST" name="seeCertificate" finished-at="2021-09-14T20:53:20 IST" duration-ms="15263" status="PASS">
          <reporter-output>
          </reporter-output>
        </test-method> <!-- seeCertificate -->
        <test-method is-config="true" signature="kill()[pri:0, instance:myproject.completeQuiz.CertificateISTQB@4a3329b9]" started-at="2021-09-14T20:53:20 IST" name="kill" finished-at="2021-09-14T20:53:20 IST" duration-ms="20" status="PASS">
          <reporter-output>
          </reporter-output>
        </test-method> <!-- kill -->
      </class> <!-- myproject.completeQuiz.CertificateISTQB -->
    </test> <!-- certificates -->
  </suite> <!-- Suite -->
</testng-results>
